[debug] [2021-12-27T02:48:10.868Z] ----------------------------------------------------------------------
[debug] [2021-12-27T02:48:10.870Z] Command:       /Users/Poutine/.nvm/versions/node/v14.8.0/bin/node /Users/Poutine/.nvm/versions/node/v14.8.0/bin/firebase deploy --only hosting
[debug] [2021-12-27T02:48:10.870Z] CLI Version:   10.0.1
[debug] [2021-12-27T02:48:10.870Z] Platform:      darwin
[debug] [2021-12-27T02:48:10.871Z] Node Version:  v14.8.0
[debug] [2021-12-27T02:48:10.871Z] Time:          Sun Dec 26 2021 21:48:10 GMT-0500 (Eastern Standard Time)
[debug] [2021-12-27T02:48:10.872Z] ----------------------------------------------------------------------
[debug] 
[debug] [2021-12-27T02:48:10.876Z] >>> [apiv2][query] GET https://firebase-public.firebaseio.com/cli.json [none]
[debug] [2021-12-27T02:48:10.947Z] > command requires scopes: ["email","openid","https://www.googleapis.com/auth/cloudplatformprojects.readonly","https://www.googleapis.com/auth/firebase","https://www.googleapis.com/auth/cloud-platform"]
[debug] [2021-12-27T02:48:10.947Z] > authorizing via signed-in user (richardqin918@gmail.com)
[debug] [2021-12-27T02:48:10.947Z] [iam] checking project crypto-chimpz for permissions ["firebase.projects.get","firebasehosting.sites.update"]
[debug] [2021-12-27T02:48:10.949Z] > refreshing access token with scopes: ["email","https://www.googleapis.com/auth/cloud-platform","https://www.googleapis.com/auth/cloudplatformprojects.readonly","https://www.googleapis.com/auth/firebase","openid"]
[debug] [2021-12-27T02:48:10.949Z] >>> HTTP REQUEST POST https://www.googleapis.com/oauth2/v3/token  
 <request body omitted>
[debug] [2021-12-27T02:48:11.087Z] <<< [apiv2][status] GET https://firebase-public.firebaseio.com/cli.json 200
[debug] [2021-12-27T02:48:11.088Z] <<< [apiv2][body] GET https://firebase-public.firebaseio.com/cli.json {"cloudBuildErrorAfter":1594252800000,"cloudBuildWarnAfter":1590019200000,"defaultNode10After":1594252800000,"minVersion":"3.0.5","node8DeploysDisabledAfter":1613390400000,"node8RuntimeDisabledAfter":1615809600000,"node8WarnAfter":1600128000000}
[debug] [2021-12-27T02:48:11.140Z] <<< HTTP RESPONSE 200 {"expires":"Mon, 01 Jan 1990 00:00:00 GMT","date":"Mon, 27 Dec 2021 02:48:11 GMT","pragma":"no-cache","cache-control":"no-cache, no-store, max-age=0, must-revalidate","content-type":"application/json; charset=utf-8","vary":"X-Origin, Referer, Origin,Accept-Encoding","server":"scaffolding on HTTPServer2","x-xss-protection":"0","x-frame-options":"SAMEORIGIN","x-content-type-options":"nosniff","alt-svc":"h3=\":443\"; ma=2592000,h3-29=\":443\"; ma=2592000,h3-Q050=\":443\"; ma=2592000,h3-Q046=\":443\"; ma=2592000,h3-Q043=\":443\"; ma=2592000,quic=\":443\"; ma=2592000; v=\"46,43\"","accept-ranges":"none","transfer-encoding":"chunked"}
[debug] [2021-12-27T02:48:11.181Z] >>> HTTP REQUEST POST https://cloudresourcemanager.googleapis.com/v1/projects/crypto-chimpz:testIamPermissions  
 {"permissions":["firebase.projects.get","firebasehosting.sites.update"]}
[debug] [2021-12-27T02:48:11.459Z] <<< HTTP RESPONSE 200 {"content-type":"application/json; charset=UTF-8","vary":"X-Origin, Referer, Origin,Accept-Encoding","date":"Mon, 27 Dec 2021 02:48:11 GMT","server":"ESF","cache-control":"private","x-xss-protection":"0","x-frame-options":"SAMEORIGIN","x-content-type-options":"nosniff","server-timing":"gfet4t7; dur=166","alt-svc":"h3=\":443\"; ma=2592000,h3-29=\":443\"; ma=2592000,h3-Q050=\":443\"; ma=2592000,h3-Q046=\":443\"; ma=2592000,h3-Q043=\":443\"; ma=2592000,quic=\":443\"; ma=2592000; v=\"46,43\"","accept-ranges":"none","transfer-encoding":"chunked"}
[debug] [2021-12-27T02:48:11.461Z] > refreshing access token with scopes: []
[debug] [2021-12-27T02:48:11.461Z] >>> HTTP REQUEST POST https://www.googleapis.com/oauth2/v3/token  
 <request body omitted>
[debug] [2021-12-27T02:48:11.567Z] <<< HTTP RESPONSE 200 {"cache-control":"no-cache, no-store, max-age=0, must-revalidate","expires":"Mon, 01 Jan 1990 00:00:00 GMT","pragma":"no-cache","date":"Mon, 27 Dec 2021 02:48:11 GMT","content-type":"application/json; charset=utf-8","vary":"X-Origin, Referer, Origin,Accept-Encoding","server":"scaffolding on HTTPServer2","x-xss-protection":"0","x-frame-options":"SAMEORIGIN","x-content-type-options":"nosniff","alt-svc":"h3=\":443\"; ma=2592000,h3-29=\":443\"; ma=2592000,h3-Q050=\":443\"; ma=2592000,h3-Q046=\":443\"; ma=2592000,h3-Q043=\":443\"; ma=2592000,quic=\":443\"; ma=2592000; v=\"46,43\"","accept-ranges":"none","transfer-encoding":"chunked"}
[debug] [2021-12-27T02:48:11.618Z] >>> [apiv2][query] GET https://firebase.googleapis.com/v1beta1/projects/crypto-chimpz [none]
[debug] [2021-12-27T02:48:12.069Z] <<< [apiv2][status] GET https://firebase.googleapis.com/v1beta1/projects/crypto-chimpz 200
[debug] [2021-12-27T02:48:12.069Z] <<< [apiv2][body] GET https://firebase.googleapis.com/v1beta1/projects/crypto-chimpz {"projectId":"crypto-chimpz","projectNumber":"394873405172","displayName":"Crypto Chimpz","name":"projects/crypto-chimpz","resources":{"hostingSite":"crypto-chimpz","storageBucket":"crypto-chimpz.appspot.com","locationId":"us-central"},"state":"ACTIVE"}
[info] 
[info] === Deploying to 'crypto-chimpz'...
[info] 
[info] i  deploying hosting 
[debug] [2021-12-27T02:48:12.073Z] > refreshing access token with scopes: ["email","https://www.googleapis.com/auth/cloud-platform","https://www.googleapis.com/auth/cloudplatformprojects.readonly","https://www.googleapis.com/auth/firebase","openid"]
[debug] [2021-12-27T02:48:12.073Z] >>> HTTP REQUEST POST https://www.googleapis.com/oauth2/v3/token  
 <request body omitted>
[debug] [2021-12-27T02:48:12.184Z] <<< HTTP RESPONSE 200 {"expires":"Mon, 01 Jan 1990 00:00:00 GMT","cache-control":"no-cache, no-store, max-age=0, must-revalidate","date":"Mon, 27 Dec 2021 02:48:12 GMT","pragma":"no-cache","content-type":"application/json; charset=utf-8","vary":"X-Origin, Referer, Origin,Accept-Encoding","server":"scaffolding on HTTPServer2","x-xss-protection":"0","x-frame-options":"SAMEORIGIN","x-content-type-options":"nosniff","alt-svc":"h3=\":443\"; ma=2592000,h3-29=\":443\"; ma=2592000,h3-Q050=\":443\"; ma=2592000,h3-Q046=\":443\"; ma=2592000,h3-Q043=\":443\"; ma=2592000,quic=\":443\"; ma=2592000; v=\"46,43\"","accept-ranges":"none","transfer-encoding":"chunked"}
[debug] [2021-12-27T02:48:12.232Z] >>> HTTP REQUEST POST https://firebasehosting.googleapis.com/v1beta1/sites/crypto-chimpz/versions  
 {"config":{"rewrites":[{"glob":"**","path":"/index.html"}]},"labels":{"deployment-tool":"cli-firebase"}}
[debug] [2021-12-27T02:48:12.711Z] <<< HTTP RESPONSE 200 {"content-type":"application/json; charset=UTF-8","vary":"X-Origin, Referer, Origin,Accept-Encoding","date":"Mon, 27 Dec 2021 02:48:12 GMT","server":"ESF","cache-control":"private","x-xss-protection":"0","x-frame-options":"SAMEORIGIN","x-content-type-options":"nosniff","alt-svc":"h3=\":443\"; ma=2592000,h3-29=\":443\"; ma=2592000,h3-Q050=\":443\"; ma=2592000,h3-Q046=\":443\"; ma=2592000,h3-Q043=\":443\"; ma=2592000,quic=\":443\"; ma=2592000; v=\"46,43\"","accept-ranges":"none","transfer-encoding":"chunked"}
[info] i  hosting[crypto-chimpz]: beginning deploy... 
[info] i  hosting[crypto-chimpz]: found 205 files in build 
